================================================================================
MEMORY DEBUG LOG - Telegram Bot on Render 512MB Plan
Started: 2025-10-27 11:52:48
================================================================================

This file captures critical memory events to help debug OOM crashes.
Check this file after crashes to see what happened before running out of RAM.

--------------------------------------------------------------------------------

[2025-10-27 11:52:55] 丘멆잺 MEMORY SPIKE: +92.5 MB
[2025-10-27 11:52:55] 游늵 MEMORY SNAPSHOT | Operation: Bot Startup
較럭 RAM Usage: 92.5 MB (Virtual: 736.3 MB)
較럭 System: 31.5% used (44048.5 MB available)
較럭 Sessions: 0 | Queue: 0 | Active DLs: 0
較럭 Cache: 0 items | Threads: 10 | Open files: 1
較덕 Context: Initial state after bot start
[2025-10-27 11:52:55] Recent operations:
[2025-10-27 11:52:55]   1. [11:52:55] Bot Startup - 92.5 MB - Initial state after bot start
[2025-10-27 11:52:55] --------------------------------------------------------------------------------

[2025-10-27 11:57:55] 游늵 Periodic Snapshot: 92.9 MB
[2025-10-27 11:57:55]    Sessions: 0 | Queue: 0 | Active DLs: 0 | Cache: 0


================================================================================
游댃 BOT RESTARTED at 2025-10-27 11:58:02
Previous session may have crashed - check logs above
================================================================================

[2025-10-27 11:58:09] 丘멆잺 MEMORY SPIKE: +92.5 MB
[2025-10-27 11:58:09] 游늵 MEMORY SNAPSHOT | Operation: Bot Startup
較럭 RAM Usage: 92.5 MB (Virtual: 736.4 MB)
較럭 System: 34.0% used (42419.9 MB available)
較럭 Sessions: 0 | Queue: 0 | Active DLs: 0
較럭 Cache: 0 items | Threads: 10 | Open files: 1
較덕 Context: Initial state after bot start
[2025-10-27 11:58:09] Recent operations:
[2025-10-27 11:58:09]   1. [11:58:09] Bot Startup - 92.5 MB - Initial state after bot start
[2025-10-27 11:58:09] --------------------------------------------------------------------------------

